<?xml version="1.0" encoding="UTF-8"?>
<coverage generated="1677612686666" clover="3.2.0">
  <project timestamp="1677612686666" name="All files">
    <metrics statements="11" coveredstatements="11" conditionals="8" coveredconditionals="8" methods="1" coveredmethods="1" elements="20" coveredelements="20" complexity="0" loc="11" ncloc="11" packages="1" files="1" classes="1"/>
    <file name="createItem.js" path="/home/juan/Documentos/trybe-exercicios/01-fundamentos/secao-06-introducao-a-javascript-es6-e-testes-unitarios/dia-03-matchers-e-cobertura-de-codigo/fixacao-testes/createItem.js">
      <metrics statements="11" coveredstatements="11" conditionals="8" coveredconditionals="8" methods="1" coveredmethods="1"/>
      <line num="1" count="1" type="stmt"/>
      <line num="2" count="7" type="cond" truecount="2" falsecount="0"/>
      <line num="3" count="2" type="stmt"/>
      <line num="5" count="5" type="cond" truecount="2" falsecount="0"/>
      <line num="6" count="1" type="stmt"/>
      <line num="8" count="4" type="cond" truecount="2" falsecount="0"/>
      <line num="9" count="1" type="stmt"/>
      <line num="11" count="3" type="cond" truecount="2" falsecount="0"/>
      <line num="12" count="1" type="stmt"/>
      <line num="14" count="3" type="stmt"/>
      <line num="21" count="1" type="stmt"/>
    </file>
  </project>
</coverage>
